<?xml version="1.0" encoding="UTF-8"?>
<robot generator="Robot 6.0.2 (Python 3.9.0 on darwin)" generated="20230628 23:36:12.377" rpa="false" schemaversion="3">
<suite id="s1" name="AmazonLogin" source="/Users/ashishmalik/Automation Development/robot-scripts/AmazonProject/Test/AmazonLogin.robot">
<kw name="Insert data" library="Commons" type="SETUP">
<kw name="Log" library="BuiltIn">
<arg>I am inserting some data before running test cases.</arg>
<doc>Logs the given message with the given level.</doc>
<msg timestamp="20230628 23:36:12.655" level="INFO">I am inserting some data before running test cases.</msg>
<status status="PASS" starttime="20230628 23:36:12.655" endtime="20230628 23:36:12.655"/>
</kw>
<status status="PASS" starttime="20230628 23:36:12.654" endtime="20230628 23:36:12.655"/>
</kw>
<test id="s1-t1" name="User can Search for Products on Amazon" line="12">
<kw name="Load Browser" library="Commons" type="SETUP">
<kw name="Open Browser" library="SeleniumLibrary">
<arg>https://www.amazon.ca/</arg>
<arg>chrome</arg>
<doc>Opens a new browser instance to the optional ``url``.</doc>
<msg timestamp="20230628 23:36:12.656" level="INFO">Opening browser 'chrome' to base url 'https://www.amazon.ca/'.</msg>
<status status="PASS" starttime="20230628 23:36:12.656" endtime="20230628 23:36:22.901"/>
</kw>
<status status="PASS" starttime="20230628 23:36:12.656" endtime="20230628 23:36:22.901"/>
</kw>
<kw name="Set Selenium Speed" library="SeleniumLibrary">
<arg>.2s</arg>
<doc>Sets the delay that is waited after each Selenium command.</doc>
<status status="PASS" starttime="20230628 23:36:22.902" endtime="20230628 23:36:22.903"/>
</kw>
<kw name="Set Selenium Timeout" library="SeleniumLibrary">
<arg>10s</arg>
<doc>Sets the timeout that is used by various keywords.</doc>
<status status="PASS" starttime="20230628 23:36:22.903" endtime="20230628 23:36:23.105"/>
</kw>
<kw name="Log" library="BuiltIn">
<arg>Starting login into Amazon</arg>
<doc>Logs the given message with the given level.</doc>
<msg timestamp="20230628 23:36:23.106" level="INFO">Starting login into Amazon</msg>
<status status="PASS" starttime="20230628 23:36:23.106" endtime="20230628 23:36:23.106"/>
</kw>
<kw name="Begin Test" library="AmazonKeywords">
<kw name="Wait Until Page Contains" library="SeleniumLibrary">
<arg>amazon.ca</arg>
<doc>Waits until ``text`` appears on the current page.</doc>
<status status="PASS" starttime="20230628 23:36:23.107" endtime="20230628 23:36:23.346"/>
</kw>
<status status="PASS" starttime="20230628 23:36:23.106" endtime="20230628 23:36:23.347"/>
</kw>
<kw name="Search for Product" library="AmazonKeywords">
<kw name="Input Text" library="SeleniumLibrary">
<arg>id=twotabsearchtextbox</arg>
<arg>ferrari 458</arg>
<doc>Types the given ``text`` into the text field identified by ``locator``.</doc>
<msg timestamp="20230628 23:36:23.349" level="INFO">Typing text 'ferrari 458' into text field 'id=twotabsearchtextbox'.</msg>
<status status="PASS" starttime="20230628 23:36:23.348" endtime="20230628 23:36:24.196"/>
</kw>
<kw name="Click Button" library="SeleniumLibrary">
<arg>xpath=//*[@id="nav-search-submit-button"]</arg>
<doc>Clicks the button identified by ``locator``.</doc>
<msg timestamp="20230628 23:36:24.197" level="INFO">Clicking button 'xpath=//*[@id="nav-search-submit-button"]'.</msg>
<status status="PASS" starttime="20230628 23:36:24.196" endtime="20230628 23:36:26.312"/>
</kw>
<kw name="Wait Until Page Contains" library="SeleniumLibrary">
<arg>results for "ferrari 458"</arg>
<doc>Waits until ``text`` appears on the current page.</doc>
<status status="PASS" starttime="20230628 23:36:26.312" endtime="20230628 23:36:26.606"/>
</kw>
<status status="PASS" starttime="20230628 23:36:23.347" endtime="20230628 23:36:26.607"/>
</kw>
<kw name="End Test" library="Commons" type="TEARDOWN">
<kw name="Close Browser" library="SeleniumLibrary">
<doc>Closes the current browser.</doc>
<status status="PASS" starttime="20230628 23:36:26.607" endtime="20230628 23:36:26.870"/>
</kw>
<status status="PASS" starttime="20230628 23:36:26.607" endtime="20230628 23:36:26.870"/>
</kw>
<doc>Getting started with Amazon Login</doc>
<tag>Smoke</tag>
<status status="PASS" starttime="20230628 23:36:12.655" endtime="20230628 23:36:26.870"/>
</test>
<test id="s1-t2" name="User can add the products to Cart" line="22">
<kw name="Load Browser" library="Commons" type="SETUP">
<kw name="Open Browser" library="SeleniumLibrary">
<arg>https://www.amazon.ca/</arg>
<arg>chrome</arg>
<doc>Opens a new browser instance to the optional ``url``.</doc>
<msg timestamp="20230628 23:36:26.873" level="INFO">Opening browser 'chrome' to base url 'https://www.amazon.ca/'.</msg>
<status status="PASS" starttime="20230628 23:36:26.872" endtime="20230628 23:36:31.400"/>
</kw>
<status status="PASS" starttime="20230628 23:36:26.872" endtime="20230628 23:36:31.400"/>
</kw>
<kw name="Begin Test" library="AmazonKeywords">
<kw name="Wait Until Page Contains" library="SeleniumLibrary">
<arg>amazon.ca</arg>
<doc>Waits until ``text`` appears on the current page.</doc>
<status status="PASS" starttime="20230628 23:36:31.402" endtime="20230628 23:36:31.649"/>
</kw>
<status status="PASS" starttime="20230628 23:36:31.401" endtime="20230628 23:36:31.650"/>
</kw>
<kw name="Search for Product" library="AmazonKeywords">
<kw name="Input Text" library="SeleniumLibrary">
<arg>id=twotabsearchtextbox</arg>
<arg>ferrari 458</arg>
<doc>Types the given ``text`` into the text field identified by ``locator``.</doc>
<msg timestamp="20230628 23:36:31.651" level="INFO">Typing text 'ferrari 458' into text field 'id=twotabsearchtextbox'.</msg>
<status status="PASS" starttime="20230628 23:36:31.651" endtime="20230628 23:36:32.474"/>
</kw>
<kw name="Click Button" library="SeleniumLibrary">
<arg>xpath=//*[@id="nav-search-submit-button"]</arg>
<doc>Clicks the button identified by ``locator``.</doc>
<msg timestamp="20230628 23:36:32.475" level="INFO">Clicking button 'xpath=//*[@id="nav-search-submit-button"]'.</msg>
<status status="PASS" starttime="20230628 23:36:32.475" endtime="20230628 23:36:34.492"/>
</kw>
<kw name="Wait Until Page Contains" library="SeleniumLibrary">
<arg>results for "ferrari 458"</arg>
<doc>Waits until ``text`` appears on the current page.</doc>
<status status="PASS" starttime="20230628 23:36:34.492" endtime="20230628 23:36:34.737"/>
</kw>
<status status="PASS" starttime="20230628 23:36:31.650" endtime="20230628 23:36:34.737"/>
</kw>
<kw name="Click on Selected Product" library="AmazonKeywords">
<kw name="Click Link" library="SeleniumLibrary">
<arg>link=Voltz Toys Kids Licensed Ferrari 458 Ride On Push Car w/Steering Wheel, Horn, Red (83500 Red)</arg>
<doc>Clicks a link identified by ``locator``.</doc>
<msg timestamp="20230628 23:36:34.738" level="INFO">Clicking link 'link=Voltz Toys Kids Licensed Ferrari 458 Ride On Push Car w/Steering Wheel, Horn, Red (83500 Red)'.</msg>
<status status="PASS" starttime="20230628 23:36:34.738" endtime="20230628 23:36:39.187"/>
</kw>
<kw name="Wait Until Page Contains" library="SeleniumLibrary">
<arg>Voltz Toys Kids Licensed Ferrari 458 Ride On Push Car w/Steering Wheel, Horn, Red (83500 Red)</arg>
<doc>Waits until ``text`` appears on the current page.</doc>
<status status="PASS" starttime="20230628 23:36:39.187" endtime="20230628 23:36:39.464"/>
</kw>
<status status="PASS" starttime="20230628 23:36:34.738" endtime="20230628 23:36:39.464"/>
</kw>
<kw name="Add to Cart" library="AmazonKeywords">
<kw name="Click Button" library="SeleniumLibrary">
<arg>id=add-to-cart-button</arg>
<doc>Clicks the button identified by ``locator``.</doc>
<msg timestamp="20230628 23:36:39.465" level="INFO">Clicking button 'id=add-to-cart-button'.</msg>
<status status="PASS" starttime="20230628 23:36:39.465" endtime="20230628 23:36:41.121"/>
</kw>
<kw name="Wait Until Page Contains" library="SeleniumLibrary">
<arg>Added to Cart</arg>
<doc>Waits until ``text`` appears on the current page.</doc>
<status status="PASS" starttime="20230628 23:36:41.121" endtime="20230628 23:36:41.370"/>
</kw>
<kw name="Click Button" library="SeleniumLibrary">
<arg>xpath=//*[@id="sc-buy-box-ptc-button"]/span/input</arg>
<doc>Clicks the button identified by ``locator``.</doc>
<msg timestamp="20230628 23:36:41.371" level="INFO">Clicking button 'xpath=//*[@id="sc-buy-box-ptc-button"]/span/input'.</msg>
<status status="PASS" starttime="20230628 23:36:41.371" endtime="20230628 23:36:42.697"/>
</kw>
<kw name="Wait Until Page Contains" library="SeleniumLibrary">
<arg>amazon.ca</arg>
<doc>Waits until ``text`` appears on the current page.</doc>
<status status="PASS" starttime="20230628 23:36:42.698" endtime="20230628 23:36:42.911"/>
</kw>
<status status="PASS" starttime="20230628 23:36:39.464" endtime="20230628 23:36:42.911"/>
</kw>
<kw name="End Test" library="Commons" type="TEARDOWN">
<kw name="Close Browser" library="SeleniumLibrary">
<doc>Closes the current browser.</doc>
<status status="PASS" starttime="20230628 23:36:42.912" endtime="20230628 23:36:43.172"/>
</kw>
<status status="PASS" starttime="20230628 23:36:42.912" endtime="20230628 23:36:43.173"/>
</kw>
<status status="PASS" starttime="20230628 23:36:26.871" endtime="20230628 23:36:43.173"/>
</test>
<kw name="Clean up data" library="Commons" type="TEARDOWN">
<kw name="Log" library="BuiltIn">
<arg>Cleanup data after running the test cases.</arg>
<doc>Logs the given message with the given level.</doc>
<msg timestamp="20230628 23:36:43.174" level="INFO">Cleanup data after running the test cases.</msg>
<status status="PASS" starttime="20230628 23:36:43.174" endtime="20230628 23:36:43.174"/>
</kw>
<status status="PASS" starttime="20230628 23:36:43.174" endtime="20230628 23:36:43.174"/>
</kw>
<doc>Basic Test cases</doc>
<status status="PASS" starttime="20230628 23:36:12.378" endtime="20230628 23:36:43.174"/>
</suite>
<statistics>
<total>
<stat pass="2" fail="0" skip="0">All Tests</stat>
</total>
<tag>
<stat pass="1" fail="0" skip="0">Smoke</stat>
</tag>
<suite>
<stat pass="2" fail="0" skip="0" id="s1" name="AmazonLogin">AmazonLogin</stat>
</suite>
</statistics>
<errors>
</errors>
</robot>
