<?xml version="1.0" encoding="UTF-8"?>
<robot generator="Robot 6.0.2 (Python 3.9.0 on darwin)" generated="20230706 01:04:06.165" rpa="false" schemaversion="3">
<suite id="s1" name="passingVariablesToKeywords" source="/Users/ashishmalik/Automation Development/robot-scripts/AmazonProject/Test/passingVariablesToKeywords">
<test id="s1-t1" name="Open browser using list variable" line="12">
<kw name="Set Variable" library="BuiltIn">
<var>@{url_and_browser}</var>
<arg>http://www.amazon.ca</arg>
<arg>chrome</arg>
<doc>Returns the given values which can then be assigned to a variables.</doc>
<msg timestamp="20230706 01:04:06.312" level="INFO">@{url_and_browser} = [ http://www.amazon.ca | chrome ]</msg>
<status status="PASS" starttime="20230706 01:04:06.312" endtime="20230706 01:04:06.312"/>
</kw>
<kw name="Begin web test using list variables">
<arg>@{url_and_browser}</arg>
<kw name="Open Browser" library="Selenium2Library">
<arg>${url_and_browser}[0]</arg>
<arg>${url_and_browser}[1]</arg>
<doc>Opens a new browser instance to the optional ``url``.</doc>
<msg timestamp="20230706 01:04:06.313" level="INFO">Opening browser 'chrome' to base url 'http://www.amazon.ca'.</msg>
<status status="PASS" starttime="20230706 01:04:06.312" endtime="20230706 01:04:10.525"/>
</kw>
<kw name="Close Browser" library="Selenium2Library">
<doc>Closes the current browser.</doc>
<status status="PASS" starttime="20230706 01:04:10.525" endtime="20230706 01:04:10.640"/>
</kw>
<status status="PASS" starttime="20230706 01:04:06.312" endtime="20230706 01:04:10.640"/>
</kw>
<tag>listvariable</tag>
<status status="PASS" starttime="20230706 01:04:06.311" endtime="20230706 01:04:10.640"/>
</test>
<status status="PASS" starttime="20230706 01:04:06.167" endtime="20230706 01:04:10.641"/>
</suite>
<statistics>
<total>
<stat pass="1" fail="0" skip="0">All Tests</stat>
</total>
<tag>
<stat pass="1" fail="0" skip="0">listvariable</stat>
</tag>
<suite>
<stat pass="1" fail="0" skip="0" id="s1" name="passingVariablesToKeywords">passingVariablesToKeywords</stat>
</suite>
</statistics>
<errors>
</errors>
</robot>
